<?xml version="1.0" encoding="UTF-8" ?>
<testsuite tests="16" failures="0" name="Steps.RunnerCucumberTest" time="0.036" errors="0" skipped="0">
  <properties>
    <property name="java.runtime.name" value="Java(TM) SE Runtime Environment"/>
    <property name="sun.boot.library.path" value="C:\Program Files\Java\jdk1.8.0_201\jre\bin"/>
    <property name="java.vm.version" value="25.201-b09"/>
    <property name="java.vm.vendor" value="Oracle Corporation"/>
    <property name="maven.multiModuleProjectDirectory" value="C:\Users\yogendar\workspace\com.cucumberjava.jyothi"/>
    <property name="java.vendor.url" value="http://java.oracle.com/"/>
    <property name="path.separator" value=";"/>
    <property name="guice.disable.misplaced.annotation.check" value="true"/>
    <property name="java.vm.name" value="Java HotSpot(TM) 64-Bit Server VM"/>
    <property name="file.encoding.pkg" value="sun.io"/>
    <property name="user.script" value=""/>
    <property name="user.country" value="GB"/>
    <property name="sun.java.launcher" value="SUN_STANDARD"/>
    <property name="sun.os.patch.level" value=""/>
    <property name="java.vm.specification.name" value="Java Virtual Machine Specification"/>
    <property name="user.dir" value="C:\Users\yogendar\workspace\com.cucumberjava.jyothi"/>
    <property name="java.runtime.version" value="1.8.0_201-b09"/>
    <property name="java.awt.graphicsenv" value="sun.awt.Win32GraphicsEnvironment"/>
    <property name="java.endorsed.dirs" value="C:\Program Files\Java\jdk1.8.0_201\jre\lib\endorsed"/>
    <property name="os.arch" value="amd64"/>
    <property name="java.io.tmpdir" value="C:\Users\yogendar\AppData\Local\Temp\"/>
    <property name="line.separator" value="
"/>
    <property name="java.vm.specification.vendor" value="Oracle Corporation"/>
    <property name="user.variant" value=""/>
    <property name="os.name" value="Windows 10"/>
    <property name="classworlds.conf" value="C:\Users\yogendar\workspace\.metadata\.plugins\org.eclipse.m2e.launching\launches\m2conf1226789435238682587.tmp"/>
    <property name="sun.jnu.encoding" value="Cp1252"/>
    <property name="java.library.path" value="C:\Program Files\Java\jdk1.8.0_201\bin;C:\WINDOWS\Sun\Java\bin;C:\WINDOWS\system32;C:\WINDOWS;C:/Program Files/Java/jre1.8.0_201/bin/server;C:/Program Files/Java/jre1.8.0_201/bin;C:/Program Files/Java/jre1.8.0_201/lib/amd64;C:\Program Files (x86)\Common Files\Oracle\Java\javapath;C:\ProgramData\Oracle\Java\javapath;c:\Program Files (x86)\Intel\iCLS Client\;c:\Program Files\Intel\iCLS Client\;C:\WINDOWS\system32;C:\WINDOWS;C:\WINDOWS\System32\Wbem;C:\WINDOWS\System32\WindowsPowerShell\v1.0\;c:\Program Files (x86)\ATI Technologies\ATI.ACE\Core-Static;C:\Program Files\Intel\WiFi\bin\;C:\Program Files\Common Files\Intel\WirelessCommon\;C:\Program Files (x86)\Windows Live\Shared;JAVA_HOME;C:\Program Files\Microsoft SQL Server\110\Tools\Binn\;C:\Program Files (x86)\NUnit 2.6.3\bin;C:\Program Files (x86)\TechTalk\SpecFlow;C:\Program Files (x86)\Microsoft SDKs\TypeScript\1.0\;C:\Users\yogendar\Downloads\apache-ant\apache-ant-1.9.4\bin;C:\Program Files (x86)\Skype\Phone\;C:\Users\yogendar\android\android-sdk\tools;C:\Users\yogendar\android\android-sdk\platforms;C:\Users\yogendar\android\android-sdk\platform-tools;C:\Users\yogendar\android\android-sdk\build-tools;C:\Users\yogendar\.dnx\bin;C:\Program Files\Microsoft DNX\Dnvm\;C:\Program Files\Microsoft SQL Server\130\Tools\Binn\;C:\Program Files (x86)\Microsoft Team Foundation Server 2015 Power Tools\;C:\Program Files\Git\cmd;ANDROID_HOME;C:\Ruby23-x64\bin;C:\Maven\apache-maven-3.5.0\bin;C:\Program Files\Intel\Intel(R) Management Engine Components\DAL;C:\Program Files\Intel\Intel(R) Management Engine Components\IPT;C:\Program Files (x86)\Intel\Intel(R) Management Engine Components\DAL;C:\Program Files (x86)\Intel\Intel(R) Management Engine Components\IPT;C:\WINDOWS\System32\OpenSSH\;C:\Users\yogendar\AppData\Local\Microsoft\WindowsApps;;C:\Program Files\Docker Toolbox;C:\Users\yogendar\Downloads\eclipse-jee-2018-12-R-win32-x86_64\eclipse;;."/>
    <property name="java.specification.name" value="Java Platform API Specification"/>
    <property name="java.class.version" value="52.0"/>
    <property name="sun.management.compiler" value="HotSpot 64-Bit Tiered Compilers"/>
    <property name="os.version" value="10.0"/>
    <property name="user.home" value="C:\Users\yogendar"/>
    <property name="user.timezone" value="Europe/London"/>
    <property name="java.awt.printerjob" value="sun.awt.windows.WPrinterJob"/>
    <property name="java.specification.version" value="1.8"/>
    <property name="file.encoding" value="Cp1252"/>
    <property name="user.name" value="yogendar"/>
    <property name="java.class.path" value="C:\Users\yogendar\Downloads\eclipse-jee-2018-12-R-win32-x86_64\eclipse\plugins\org.eclipse.m2e.maven.runtime_1.10.0.20181127-2120\jars\plexus-classworlds-2.5.2.jar"/>
    <property name="java.vm.specification.version" value="1.8"/>
    <property name="sun.arch.data.model" value="64"/>
    <property name="java.home" value="C:\Program Files\Java\jdk1.8.0_201\jre"/>
    <property name="sun.java.command" value="org.codehaus.plexus.classworlds.launcher.Launcher -B test"/>
    <property name="java.specification.vendor" value="Oracle Corporation"/>
    <property name="user.language" value="en"/>
    <property name="awt.toolkit" value="sun.awt.windows.WToolkit"/>
    <property name="java.vm.info" value="mixed mode"/>
    <property name="java.version" value="1.8.0_201"/>
    <property name="java.ext.dirs" value="C:\Program Files\Java\jdk1.8.0_201\jre\lib\ext;C:\WINDOWS\Sun\Java\lib\ext"/>
    <property name="sun.boot.class.path" value="C:\Program Files\Java\jdk1.8.0_201\jre\lib\resources.jar;C:\Program Files\Java\jdk1.8.0_201\jre\lib\rt.jar;C:\Program Files\Java\jdk1.8.0_201\jre\lib\sunrsasign.jar;C:\Program Files\Java\jdk1.8.0_201\jre\lib\jsse.jar;C:\Program Files\Java\jdk1.8.0_201\jre\lib\jce.jar;C:\Program Files\Java\jdk1.8.0_201\jre\lib\charsets.jar;C:\Program Files\Java\jdk1.8.0_201\jre\lib\jfr.jar;C:\Program Files\Java\jdk1.8.0_201\jre\classes"/>
    <property name="java.vendor" value="Oracle Corporation"/>
    <property name="maven.home" value="C:\Users\yogendar\workspace\com.cucumberjava.jyothi\EMBEDDED"/>
    <property name="file.separator" value="\"/>
    <property name="java.vendor.url.bug" value="http://bugreport.sun.com/bugreport/"/>
    <property name="sun.cpu.endian" value="little"/>
    <property name="sun.io.unicode.encoding" value="UnicodeLittle"/>
    <property name="sun.desktop" value="windows"/>
    <property name="sun.cpu.isalist" value="amd64"/>
  </properties>
  <testcase classname="Scenario: Title of your scenario" name="Given I want to write a step with precondition" time="0.016"/>
  <testcase classname="Scenario: Title of your scenario" name="And some other precondition" time="0"/>
  <testcase classname="Scenario: Title of your scenario" name="When I complete action" time="0"/>
  <testcase classname="Scenario: Title of your scenario" name="And some other action" time="0"/>
  <testcase classname="Scenario: Title of your scenario" name="And yet another action" time="0"/>
  <testcase classname="Scenario: Title of your scenario" name="Then I validate the outcomes" time="0"/>
  <testcase classname="Scenario: Title of your scenario" name="And check more outcomes" time="0"/>
  <testcase classname="Scenario: Title of your scenario" name="Scenario: Title of your scenario" time="0.004"/>
  <testcase classname="| name1 | 5 | success |" name="Given I want to write a step with name1" time="0"/>
  <testcase classname="| name1 | 5 | success |" name="When I check for the 5 in step" time="0"/>
  <testcase classname="| name1 | 5 | success |" name="Then I verify the success in step" time="0"/>
  <testcase classname="| name1 | 5 | success |" name="| name1 | 5 | success |" time="0.015"/>
  <testcase classname="| name2 | 7 | Fail |" name="Given I want to write a step with name2" time="0"/>
  <testcase classname="| name2 | 7 | Fail |" name="When I check for the 7 in step" time="0.001"/>
  <testcase classname="| name2 | 7 | Fail |" name="Then I verify the Fail in step" time="0"/>
  <testcase classname="| name2 | 7 | Fail |" name="| name2 | 7 | Fail |" time="0"/>
</testsuite>